0 info it worked if it ends with ok
1 verbose cli [ '/usr/local/bin/node',
1 verbose cli   '/usr/local/bin/npm',
1 verbose cli   'install',
1 verbose cli   '--global',
1 verbose cli   'mocha' ]
2 info using npm@2.14.12
3 info using node@v4.3.1
4 verbose install initial load of /usr/local/lib/package.json
5 verbose readDependencies loading dependencies from /usr/local/lib/package.json
6 silly cache add args [ 'mocha', null ]
7 verbose cache add spec mocha
8 silly cache add parsed spec Result {
8 silly cache add   raw: 'mocha',
8 silly cache add   scope: null,
8 silly cache add   name: 'mocha',
8 silly cache add   rawSpec: '',
8 silly cache add   spec: 'latest',
8 silly cache add   type: 'tag' }
9 silly addNamed mocha@latest
10 verbose addNamed "latest" is being treated as a dist-tag for mocha
11 info addNameTag [ 'mocha', 'latest' ]
12 silly mapToRegistry name mocha
13 silly mapToRegistry using default registry
14 silly mapToRegistry registry https://registry.npmjs.org/
15 silly mapToRegistry uri https://registry.npmjs.org/mocha
16 verbose addNameTag registry:https://registry.npmjs.org/mocha not in flight; fetching
17 verbose request uri https://registry.npmjs.org/mocha
18 verbose request no auth needed
19 info attempt registry request try #1 at 9:28:42 AM
20 verbose request id a031818ec2921d6e
21 http request GET https://registry.npmjs.org/mocha
22 http 200 https://registry.npmjs.org/mocha
23 verbose headers { server: 'CouchDB/1.5.0 (Erlang OTP/R16B03)',
23 verbose headers   etag: '"2FJMO8OPJEUJZRPK89Q6SN0SM"',
23 verbose headers   'content-type': 'application/json',
23 verbose headers   'content-encoding': 'gzip',
23 verbose headers   'cache-control': 'max-age=300',
23 verbose headers   'content-length': '69631',
23 verbose headers   'accept-ranges': 'bytes',
23 verbose headers   date: 'Tue, 25 Oct 2016 08:28:42 GMT',
23 verbose headers   via: '1.1 varnish',
23 verbose headers   age: '61',
23 verbose headers   connection: 'keep-alive',
23 verbose headers   'x-served-by': 'cache-lhr6323-LHR',
23 verbose headers   'x-cache': 'HIT',
23 verbose headers   'x-cache-hits': '1',
23 verbose headers   'x-timer': 'S1477384122.925569,VS0,VE0',
23 verbose headers   vary: 'Accept-Encoding' }
24 silly get cb [ 200,
24 silly get   { server: 'CouchDB/1.5.0 (Erlang OTP/R16B03)',
24 silly get     etag: '"2FJMO8OPJEUJZRPK89Q6SN0SM"',
24 silly get     'content-type': 'application/json',
24 silly get     'content-encoding': 'gzip',
24 silly get     'cache-control': 'max-age=300',
24 silly get     'content-length': '69631',
24 silly get     'accept-ranges': 'bytes',
24 silly get     date: 'Tue, 25 Oct 2016 08:28:42 GMT',
24 silly get     via: '1.1 varnish',
24 silly get     age: '61',
24 silly get     connection: 'keep-alive',
24 silly get     'x-served-by': 'cache-lhr6323-LHR',
24 silly get     'x-cache': 'HIT',
24 silly get     'x-cache-hits': '1',
24 silly get     'x-timer': 'S1477384122.925569,VS0,VE0',
24 silly get     vary: 'Accept-Encoding' } ]
25 verbose get saving mocha to /Users/mvelasco/.npm/registry.npmjs.org/mocha/.cache.json
26 silly addNameTag next cb for mocha with tag latest
27 silly addNamed mocha@3.1.2
28 verbose addNamed "3.1.2" is a plain semver version for mocha
29 silly mapToRegistry name mocha
30 silly mapToRegistry using default registry
31 silly mapToRegistry registry https://registry.npmjs.org/
32 silly mapToRegistry uri https://registry.npmjs.org/mocha
33 verbose addRemoteTarball https://registry.npmjs.org/mocha/-/mocha-3.1.2.tgz not in flight; adding
34 verbose addRemoteTarball [ 'https://registry.npmjs.org/mocha/-/mocha-3.1.2.tgz',
34 verbose addRemoteTarball   '51f93b432bf7e1b175ffc22883ccd0be32dba6b5' ]
35 info retry fetch attempt 1 at 9:28:43 AM
36 info attempt registry request try #1 at 9:28:43 AM
37 http fetch GET https://registry.npmjs.org/mocha/-/mocha-3.1.2.tgz
38 http fetch 200 https://registry.npmjs.org/mocha/-/mocha-3.1.2.tgz
39 silly fetchAndShaCheck shasum 51f93b432bf7e1b175ffc22883ccd0be32dba6b5
40 verbose addTmpTarball /var/folders/z0/k80_cm196z9fn0c7mcv4hfmh0000gn/T/npm-68445-fa201ad1/registry.npmjs.org/mocha/-/mocha-3.1.2.tgz not in flight; adding
41 verbose addTmpTarball already have metadata; skipping unpack for mocha@3.1.2
42 silly cache afterAdd mocha@3.1.2
43 verbose afterAdd /Users/mvelasco/.npm/mocha/3.1.2/package/package.json not in flight; writing
44 verbose afterAdd /Users/mvelasco/.npm/mocha/3.1.2/package/package.json written
45 silly install resolved [ { name: 'mocha',
45 silly install resolved     version: '3.1.2',
45 silly install resolved     description: 'simple, flexible, fun test framework',
45 silly install resolved     keywords: [ 'mocha', 'test', 'bdd', 'tdd', 'tap' ],
45 silly install resolved     author: { name: 'TJ Holowaychuk', email: 'tj@vision-media.ca' },
45 silly install resolved     contributors:
45 silly install resolved      [ [Object],
45 silly install resolved        [Object],
45 silly install resolved        [Object],
45 silly install resolved        [Object],
45 silly install resolved        [Object],
45 silly install resolved        [Object],
45 silly install resolved        [Object],
45 silly install resolved        [Object],
45 silly install resolved        [Object],
45 silly install resolved        [Object],
45 silly install resolved        [Object],
45 silly install resolved        [Object],
45 silly install resolved        [Object],
45 silly install resolved        [Object],
45 silly install resolved        [Object],
45 silly install resolved        [Object],
45 silly install resolved        [Object],
45 silly install resolved        [Object],
45 silly install resolved        [Object],
45 silly install resolved        [Object],
45 silly install resolved        [Object],
45 silly install resolved        [Object],
45 silly install resolved        [Object],
45 silly install resolved        [Object],
45 silly install resolved        [Object],
45 silly install resolved        [Object],
45 silly install resolved        [Object],
45 silly install resolved        [Object],
45 silly install resolved        [Object],
45 silly install resolved        [Object],
45 silly install resolved        [Object],
45 silly install resolved        [Object],
45 silly install resolved        [Object],
45 silly install resolved        [Object],
45 silly install resolved        [Object],
45 silly install resolved        [Object],
45 silly install resolved        [Object],
45 silly install resolved        [Object],
45 silly install resolved        [Object],
45 silly install resolved        [Object],
45 silly install resolved        [Object],
45 silly install resolved        [Object],
45 silly install resolved        [Object],
45 silly install resolved        [Object],
45 silly install resolved        [Object],
45 silly install resolved        [Object],
45 silly install resolved        [Object],
45 silly install resolved        [Object],
45 silly install resolved        [Object],
45 silly install resolved        [Object],
45 silly install resolved        [Object],
45 silly install resolved        [Object],
45 silly install resolved        [Object],
45 silly install resolved        [Object],
45 silly install resolved        [Object],
45 silly install resolved        [Object],
45 silly install resolved        [Object],
45 silly install resolved        [Object],
45 silly install resolved        [Object],
45 silly install resolved        [Object],
45 silly install resolved        [Object],
45 silly install resolved        [Object],
45 silly install resolved        [Object],
45 silly install resolved        [Object],
45 silly install resolved        [Object],
45 silly install resolved        [Object],
45 silly install resolved        [Object],
45 silly install resolved        [Object],
45 silly install resolved        [Object],
45 silly install resolved        [Object],
45 silly install resolved        [Object],
45 silly install resolved        [Object],
45 silly install resolved        [Object],
45 silly install resolved        [Object],
45 silly install resolved        [Object],
45 silly install resolved        [Object],
45 silly install resolved        [Object],
45 silly install resolved        [Object],
45 silly install resolved        [Object],
45 silly install resolved        [Object],
45 silly install resolved        [Object],
45 silly install resolved        [Object],
45 silly install resolved        [Object],
45 silly install resolved        [Object],
45 silly install resolved        [Object],
45 silly install resolved        [Object],
45 silly install resolved        [Object],
45 silly install resolved        [Object],
45 silly install resolved        [Object],
45 silly install resolved        [Object],
45 silly install resolved        [Object],
45 silly install resolved        [Object],
45 silly install resolved        [Object],
45 silly install resolved        [Object],
45 silly install resolved        [Object],
45 silly install resolved        [Object],
45 silly install resolved        [Object],
45 silly install resolved        [Object],
45 silly install resolved        [Object],
45 silly install resolved        [Object],
45 silly install resolved        [Object],
45 silly install resolved        [Object],
45 silly install resolved        [Object],
45 silly install resolved        [Object],
45 silly install resolved        [Object],
45 silly install resolved        [Object],
45 silly install resolved        [Object],
45 silly install resolved        [Object],
45 silly install resolved        [Object],
45 silly install resolved        [Object],
45 silly install resolved        [Object],
45 silly install resolved        [Object],
45 silly install resolved        [Object],
45 silly install resolved        [Object],
45 silly install resolved        [Object],
45 silly install resolved        [Object],
45 silly install resolved        [Object],
45 silly install resolved        [Object],
45 silly install resolved        [Object],
45 silly install resolved        [Object],
45 silly install resolved        [Object],
45 silly install resolved        [Object],
45 silly install resolved        [Object],
45 silly install resolved        [Object],
45 silly install resolved        [Object],
45 silly install resolved        [Object],
45 silly install resolved        [Object],
45 silly install resolved        [Object],
45 silly install resolved        [Object],
45 silly install resolved        [Object],
45 silly install resolved        [Object],
45 silly install resolved        [Object],
45 silly install resolved        [Object],
45 silly install resolved        [Object],
45 silly install resolved        [Object],
45 silly install resolved        [Object],
45 silly install resolved        [Object],
45 silly install resolved        [Object],
45 silly install resolved        [Object],
45 silly install resolved        [Object],
45 silly install resolved        [Object],
45 silly install resolved        [Object],
45 silly install resolved        [Object],
45 silly install resolved        [Object],
45 silly install resolved        [Object],
45 silly install resolved        [Object],
45 silly install resolved        [Object],
45 silly install resolved        [Object],
45 silly install resolved        [Object],
45 silly install resolved        [Object],
45 silly install resolved        [Object],
45 silly install resolved        [Object],
45 silly install resolved        [Object],
45 silly install resolved        [Object],
45 silly install resolved        [Object],
45 silly install resolved        [Object],
45 silly install resolved        [Object],
45 silly install resolved        [Object],
45 silly install resolved        [Object],
45 silly install resolved        [Object],
45 silly install resolved        [Object],
45 silly install resolved        [Object],
45 silly install resolved        [Object],
45 silly install resolved        [Object],
45 silly install resolved        [Object],
45 silly install resolved        [Object],
45 silly install resolved        [Object],
45 silly install resolved        [Object],
45 silly install resolved        [Object],
45 silly install resolved        [Object],
45 silly install resolved        [Object],
45 silly install resolved        [Object],
45 silly install resolved        [Object],
45 silly install resolved        [Object],
45 silly install resolved        [Object],
45 silly install resolved        [Object],
45 silly install resolved        [Object],
45 silly install resolved        [Object],
45 silly install resolved        [Object],
45 silly install resolved        [Object],
45 silly install resolved        [Object],
45 silly install resolved        [Object],
45 silly install resolved        [Object],
45 silly install resolved        [Object],
45 silly install resolved        [Object],
45 silly install resolved        [Object],
45 silly install resolved        [Object],
45 silly install resolved        [Object],
45 silly install resolved        [Object],
45 silly install resolved        [Object],
45 silly install resolved        [Object],
45 silly install resolved        [Object],
45 silly install resolved        [Object],
45 silly install resolved        [Object],
45 silly install resolved        [Object],
45 silly install resolved        [Object],
45 silly install resolved        [Object],
45 silly install resolved        [Object],
45 silly install resolved        [Object],
45 silly install resolved        [Object],
45 silly install resolved        [Object],
45 silly install resolved        [Object],
45 silly install resolved        [Object],
45 silly install resolved        [Object],
45 silly install resolved        [Object],
45 silly install resolved        [Object],
45 silly install resolved        [Object],
45 silly install resolved        [Object],
45 silly install resolved        [Object],
45 silly install resolved        [Object],
45 silly install resolved        [Object],
45 silly install resolved        [Object],
45 silly install resolved        [Object],
45 silly install resolved        [Object],
45 silly install resolved        [Object],
45 silly install resolved        [Object],
45 silly install resolved        [Object],
45 silly install resolved        [Object],
45 silly install resolved        [Object],
45 silly install resolved        [Object],
45 silly install resolved        [Object],
45 silly install resolved        [Object],
45 silly install resolved        [Object],
45 silly install resolved        [Object],
45 silly install resolved        [Object],
45 silly install resolved        [Object],
45 silly install resolved        [Object],
45 silly install resolved        [Object],
45 silly install resolved        [Object],
45 silly install resolved        [Object],
45 silly install resolved        [Object],
45 silly install resolved        [Object],
45 silly install resolved        [Object],
45 silly install resolved        [Object],
45 silly install resolved        [Object],
45 silly install resolved        [Object],
45 silly install resolved        [Object],
45 silly install resolved        [Object],
45 silly install resolved        [Object],
45 silly install resolved        [Object],
45 silly install resolved        [Object],
45 silly install resolved        [Object],
45 silly install resolved        [Object],
45 silly install resolved        [Object],
45 silly install resolved        [Object],
45 silly install resolved        [Object],
45 silly install resolved        [Object],
45 silly install resolved        [Object],
45 silly install resolved        [Object],
45 silly install resolved        [Object],
45 silly install resolved        [Object],
45 silly install resolved        [Object],
45 silly install resolved        [Object],
45 silly install resolved        [Object],
45 silly install resolved        [Object],
45 silly install resolved        [Object],
45 silly install resolved        [Object],
45 silly install resolved        [Object],
45 silly install resolved        [Object],
45 silly install resolved        [Object],
45 silly install resolved        [Object],
45 silly install resolved        [Object],
45 silly install resolved        [Object],
45 silly install resolved        [Object],
45 silly install resolved        [Object],
45 silly install resolved        [Object],
45 silly install resolved        [Object],
45 silly install resolved        [Object],
45 silly install resolved        [Object],
45 silly install resolved        [Object],
45 silly install resolved        [Object],
45 silly install resolved        [Object] ],
45 silly install resolved     license: 'MIT',
45 silly install resolved     repository: { type: 'git', url: 'git+https://github.com/mochajs/mocha.git' },
45 silly install resolved     bin: { mocha: './bin/mocha', _mocha: './bin/_mocha' },
45 silly install resolved     engines: { node: '>= 0.10.x', npm: '>= 1.4.x' },
45 silly install resolved     scripts: { test: 'make test' },
45 silly install resolved     dependencies:
45 silly install resolved      { 'browser-stdout': '1.3.0',
45 silly install resolved        commander: '2.9.0',
45 silly install resolved        debug: '2.2.0',
45 silly install resolved        diff: '1.4.0',
45 silly install resolved        'escape-string-regexp': '1.0.5',
45 silly install resolved        glob: '7.0.5',
45 silly install resolved        growl: '1.9.2',
45 silly install resolved        json3: '3.3.2',
45 silly install resolved        'lodash.create': '3.1.1',
45 silly install resolved        mkdirp: '0.5.1',
45 silly install resolved        'supports-color': '3.1.2' },
45 silly install resolved     devDependencies:
45 silly install resolved      { assert: '^1.4.1',
45 silly install resolved        browserify: '^13.0.0',
45 silly install resolved        'coffee-script': '^1.10.0',
45 silly install resolved        eslint: '^2.13.1',
45 silly install resolved        'eslint-config-semistandard': '^6.0.2',
45 silly install resolved        'eslint-config-standard': '^5.0.0',
45 silly install resolved        'eslint-plugin-promise': '^2.0.1',
45 silly install resolved        'eslint-plugin-standard': '1.3.2',
45 silly install resolved        'expect.js': '^0.3.1',
45 silly install resolved        karma: '^1.1.0',
45 silly install resolved        'karma-browserify': '^5.0.5',
45 silly install resolved        'karma-chrome-launcher': '^2.0.0',
45 silly install resolved        'karma-expect': '^1.1.2',
45 silly install resolved        'karma-no-mocha': '^2.0.0',
45 silly install resolved        'karma-phantomjs-launcher': '^0.2.3',
45 silly install resolved        'karma-sauce-launcher': '^1.0.0',
45 silly install resolved        'karma-spec-reporter': '0.0.26',
45 silly install resolved        'os-name': '^2.0.1',
45 silly install resolved        phantomjs: '1.9.8',
45 silly install resolved        rimraf: '^2.5.2',
45 silly install resolved        should: '^9.0.2',
45 silly install resolved        through2: '^2.0.1',
45 silly install resolved        watchify: '^3.7.0' },
45 silly install resolved     files:
45 silly install resolved      [ 'bin',
45 silly install resolved        'images',
45 silly install resolved        'lib',
45 silly install resolved        'index.js',
45 silly install resolved        'mocha.css',
45 silly install resolved        'mocha.js',
45 silly install resolved        'browser-entry.js',
45 silly install resolved        'LICENSE',
45 silly install resolved        'bower.json' ],
45 silly install resolved     browser:
45 silly install resolved      { debug: './lib/browser/debug.js',
45 silly install resolved        events: './lib/browser/events.js',
45 silly install resolved        tty: './lib/browser/tty.js',
45 silly install resolved        './index.js': './browser-entry.js',
45 silly install resolved        fs: false,
45 silly install resolved        glob: false,
45 silly install resolved        path: false,
45 silly install resolved        'supports-color': false },
45 silly install resolved     homepage: 'https://mochajs.org',
45 silly install resolved     logo: 'https://cldup.com/S9uQ-cOLYz.svg',
45 silly install resolved     gitHead: '205e31b0d43e395e5ae14c43d2a915254ef5f360',
45 silly install resolved     bugs: { url: 'https://github.com/mochajs/mocha/issues' },
45 silly install resolved     _id: 'mocha@3.1.2',
45 silly install resolved     _shasum: '51f93b432bf7e1b175ffc22883ccd0be32dba6b5',
45 silly install resolved     _from: 'mocha@latest',
45 silly install resolved     _npmVersion: '3.10.3',
45 silly install resolved     _nodeVersion: '6.7.0',
45 silly install resolved     _npmUser: { name: 'boneskull', email: 'boneskull@boneskull.com' },
45 silly install resolved     dist:
45 silly install resolved      { shasum: '51f93b432bf7e1b175ffc22883ccd0be32dba6b5',
45 silly install resolved        tarball: 'https://registry.npmjs.org/mocha/-/mocha-3.1.2.tgz' },
45 silly install resolved     maintainers: [ [Object], [Object], [Object] ],
45 silly install resolved     _npmOperationalInternal:
45 silly install resolved      { host: 'packages-16-east.internal.npmjs.com',
45 silly install resolved        tmp: 'tmp/mocha-3.1.2.tgz_1476164173182_0.502434675116092' },
45 silly install resolved     directories: {},
45 silly install resolved     _resolved: 'https://registry.npmjs.org/mocha/-/mocha-3.1.2.tgz' } ]
46 info install mocha@3.1.2 into /usr/local/lib
47 info installOne mocha@3.1.2
48 verbose installOne of mocha to /usr/local/lib not in flight; installing
49 verbose lock using /Users/mvelasco/.npm/_locks/mocha-1cb4102bb5230051.lock for /usr/local/lib/node_modules/mocha
50 silly install write writing mocha 3.1.2 to /usr/local/lib/node_modules/mocha
51 verbose unbuild lib/node_modules/mocha
52 silly gentlyRm /usr/local/lib/node_modules/mocha is being purged from base /usr/local
53 verbose gentlyRm don't care about contents; nuking /usr/local/lib/node_modules/mocha
54 verbose tar unpack /Users/mvelasco/.npm/mocha/3.1.2/package.tgz
55 verbose tar unpacking to /usr/local/lib/node_modules/mocha
56 silly gentlyRm /usr/local/lib/node_modules/mocha is being purged
57 verbose gentlyRm don't care about contents; nuking /usr/local/lib/node_modules/mocha
58 silly gunzTarPerm modes [ '755', '644' ]
59 error tar.unpack untar error /Users/mvelasco/.npm/mocha/3.1.2/package.tgz
60 verbose unlock done using /Users/mvelasco/.npm/_locks/mocha-1cb4102bb5230051.lock for /usr/local/lib/node_modules/mocha
61 verbose fstream_path /usr/local/lib/node_modules/mocha
62 verbose fstream_type Directory
63 verbose fstream_class DirWriter
64 verbose stack Error: EACCES: permission denied, mkdir '/usr/local/lib/node_modules/mocha'
64 verbose stack     at Error (native)
65 verbose fstream_stack /usr/local/lib/node_modules/npm/node_modules/fstream/lib/dir-writer.js:35:25
65 verbose fstream_stack /usr/local/lib/node_modules/npm/node_modules/mkdirp/index.js:47:53
65 verbose fstream_stack FSReqWrap.oncomplete (fs.js:82:15)
66 verbose cwd /Users/mvelasco/Documents/red-badger/src
67 error Darwin 14.5.0
68 error argv "/usr/local/bin/node" "/usr/local/bin/npm" "install" "--global" "mocha"
69 error node v4.3.1
70 error npm  v2.14.12
71 error path /usr/local/lib/node_modules/mocha
72 error code EACCES
73 error errno -13
74 error syscall mkdir
75 error Error: EACCES: permission denied, mkdir '/usr/local/lib/node_modules/mocha'
75 error     at Error (native)
75 error  { [Error: EACCES: permission denied, mkdir '/usr/local/lib/node_modules/mocha']
75 error   errno: -13,
75 error   code: 'EACCES',
75 error   syscall: 'mkdir',
75 error   path: '/usr/local/lib/node_modules/mocha',
75 error   fstream_type: 'Directory',
75 error   fstream_path: '/usr/local/lib/node_modules/mocha',
75 error   fstream_class: 'DirWriter',
75 error   fstream_stack:
75 error    [ '/usr/local/lib/node_modules/npm/node_modules/fstream/lib/dir-writer.js:35:25',
75 error      '/usr/local/lib/node_modules/npm/node_modules/mkdirp/index.js:47:53',
75 error      'FSReqWrap.oncomplete (fs.js:82:15)' ] }
76 error Please try running this command again as root/Administrator.
77 verbose exit [ -13, true ]
78 verbose unbuild lib/node_modules/mocha
79 silly gentlyRm /usr/local/lib/node_modules/mocha is being purged from base /usr/local
80 verbose gentlyRm don't care about contents; nuking /usr/local/lib/node_modules/mocha
